Mono path[0] = 'C:/Users/Sceni/Desktop/AnimalVR/Builds/Windows/UvsT Replication Study/TrainCondition1 4Orange/TwinSimulations_Data/Managed'
Mono config path = 'C:/Users/Sceni/Desktop/AnimalVR/Builds/Windows/UvsT Replication Study/TrainCondition1 4Orange/MonoBleedingEdge/etc'
Initialize engine version: 2022.1.14f1 (ff7e140968b4)
[Subsystems] Discovering subsystems at path C:/Users/Sceni/Desktop/AnimalVR/Builds/Windows/UvsT Replication Study/TrainCondition1 4Orange/TwinSimulations_Data/UnitySubsystems
GfxDevice: creating device client; threaded=1; jobified=1
Direct3D:
    Version:  Direct3D 11.0 [level 11.1]
    Renderer: NVIDIA GeForce RTX 2080 SUPER (ID=0x1e81)
    Vendor:   NVIDIA
    VRAM:     8001 MB
    Driver:   31.0.15.2824
Begin MonoManager ReloadAssembly
- Completed reload, in  8.170 seconds
Dedicated video D3D11 device creation failed (error: 0x8876017c). This device is used specifically for video decoding, we will use software video decoding instead.
<RI> Initializing input.
<RI> Input initialized.
<RI> Initialized touch support.
UnloadTime: 0.770700 ms
Couldn't connect to trainer on port 5008 using API version 1.5.0. Will perform inference instead.
0x00007ff84177350d (UnityPlayer) UnityMain
0x00007ff841778593 (UnityPlayer) UnityMain
0x00007ff8417623a5 (UnityPlayer) UnityMain
0x00007ff841d2ea2e (UnityPlayer) UnityMain
0x00007ff840f98de6 (UnityPlayer) 
0x0000025cb4b3a763 (Mono JIT Code) (wrapper managed-to-native) UnityEngine.DebugLogHandler:Internal_Log (UnityEngine.LogType,UnityEngine.LogOption,string,UnityEngine.Object)
0x0000025cb4b3a40b (Mono JIT Code) UnityEngine.DebugLogHandler:LogFormat (UnityEngine.LogType,UnityEngine.Object,string,object[])
0x0000025cb4b3a150 (Mono JIT Code) UnityEngine.Logger:Log (UnityEngine.LogType,object)
0x0000025cb4b39dfa (Mono JIT Code) UnityEngine.Debug:Log (object)
0x0000025cb480a54b (Mono JIT Code) Unity.MLAgents.Academy:InitializeEnvironment ()
0x0000025cb4809eab (Mono JIT Code) Unity.MLAgents.Academy:LazyInitialize ()
0x0000025cb4809c8b (Mono JIT Code) Unity.MLAgents.Academy:.ctor ()
0x0000025cb4809acb (Mono JIT Code) Unity.MLAgents.Academy/<>c:<.cctor>b__82_0 ()
0x0000025cb32b6b0d (Mono JIT Code) System.Lazy`1<T_REF>:ViaFactory (System.Threading.LazyThreadSafetyMode)
0x0000025cb32b6a03 (Mono JIT Code) System.Lazy`1<T_REF>:ExecutionAndPublication (System.LazyHelper,bool)
0x0000025cb32b66b3 (Mono JIT Code) System.Lazy`1<T_REF>:CreateValue ()
0x0000025cb32b654b (Mono JIT Code) System.Lazy`1<T_REF>:get_Value ()
0x0000025cb4809a4b (Mono JIT Code) Unity.MLAgents.Academy:get_Instance ()
0x0000025cb4808ddb (Mono JIT Code) Unity.MLAgents.Agent:LazyInitialize ()
0x0000025cb4808b6b (Mono JIT Code) Unity.MLAgents.Agent:OnEnable ()
0x0000025c2fa19128 (Mono JIT Code) (wrapper runtime-invoke) object:runtime_invoke_void__this__ (object,intptr,intptr,intptr)
0x00007ff880b302f4 (mono-2.0-bdwgc) mono_jit_set_domain
0x00007ff880a6eb34 (mono-2.0-bdwgc) mono_object_get_virtual_method
0x00007ff880a6eccc (mono-2.0-bdwgc) mono_runtime_invoke
0x00007ff84159888d (UnityPlayer) 
0x00007ff841585612 (UnityPlayer) 
0x00007ff84157c013 (UnityPlayer) 
0x00007ff84157b40e (UnityPlayer) 
0x00007ff84157b713 (UnityPlayer) 
0x00007ff8415e5e3d (UnityPlayer) 
0x00007ff8415e63e4 (UnityPlayer) 
0x00007ff841404202 (UnityPlayer) 
0x00007ff841405f5d (UnityPlayer) 
0x00007ff8414047f3 (UnityPlayer) 
0x00007ff8414070d1 (UnityPlayer) 
0x00007ff8414073d1 (UnityPlayer) 
0x00007ff8415f1f84 (UnityPlayer) 
0x00007ff8415f0ebb (UnityPlayer) 
0x00007ff8415f5657 (UnityPlayer) 
0x00007ff8415f71eb (UnityPlayer) UnityMain
0x00007ff62f7811f2 (TwinSimulations) 
0x00007ff8f6af26ad (KERNEL32) BaseThreadInitThunk
0x00007ff8f734aa68 (ntdll) RtlUserThreadStart

D3D11: Failed to create RenderTexture (208 x 186 fmt 27 aa 1), error 0x887a0005
0x00007ff84177350d (UnityPlayer) UnityMain
0x00007ff841778593 (UnityPlayer) UnityMain
0x00007ff8417623a5 (UnityPlayer) UnityMain
0x00007ff841d2ea2e (UnityPlayer) UnityMain
0x00007ff8416b99b4 (UnityPlayer) UnityMain
0x00007ff8416b9bd0 (UnityPlayer) UnityMain
0x00007ff8416b9f92 (UnityPlayer) UnityMain
0x00007ff8416b84c4 (UnityPlayer) UnityMain
0x00007ff841d5d88a (UnityPlayer) UnityMain
0x00007ff841d6760b (UnityPlayer) UnityMain
0x00007ff841d676d9 (UnityPlayer) UnityMain
0x00007ff8414c3db1 (UnityPlayer) 
0x00007ff8f6af26ad (KERNEL32) BaseThreadInitThunk
0x00007ff8f734aa68 (ntdll) RtlUserThreadStart

D3D11: Failed to create RenderTexture (208 x 186 fmt 27 aa 1), error 0x887a0005
0x00007ff84177350d (UnityPlayer) UnityMain
0x00007ff841778593 (UnityPlayer) UnityMain
0x00007ff8417623a5 (UnityPlayer) UnityMain
0x00007ff841d2ea2e (UnityPlayer) UnityMain
0x00007ff8416b99b4 (UnityPlayer) UnityMain
0x00007ff8416b9bd0 (UnityPlayer) UnityMain
0x00007ff8416b9f92 (UnityPlayer) UnityMain
0x00007ff8416b84c4 (UnityPlayer) UnityMain
0x00007ff841d5d88a (UnityPlayer) UnityMain
0x00007ff841d6760b (UnityPlayer) UnityMain
0x00007ff841d676d9 (UnityPlayer) UnityMain
0x00007ff8414c3db1 (UnityPlayer) 
0x00007ff8f6af26ad (KERNEL32) BaseThreadInitThunk
0x00007ff8f734aa68 (ntdll) RtlUserThreadStart

D3D11: Failed to create RenderTexture (208 x 186 fmt 19 aa 2), error 0x887a0005
0x00007ff84177350d (UnityPlayer) UnityMain
0x00007ff841778593 (UnityPlayer) UnityMain
0x00007ff8417623a5 (UnityPlayer) UnityMain
0x00007ff841d2ea2e (UnityPlayer) UnityMain
0x00007ff8416b99b4 (UnityPlayer) UnityMain
0x00007ff8416b9bd0 (UnityPlayer) UnityMain
0x00007ff8416ba5cb (UnityPlayer) UnityMain
0x00007ff841d5d88a (UnityPlayer) UnityMain
0x00007ff841d6760b (UnityPlayer) UnityMain
0x00007ff841d676d9 (UnityPlayer) UnityMain
0x00007ff8414c3db1 (UnityPlayer) 
0x00007ff8f6af26ad (KERNEL32) BaseThreadInitThunk
0x00007ff8f734aa68 (ntdll) RtlUserThreadStart

D3D11: Failed to create RenderTexture (208 x 186 fmt 19 aa 1), error 0x887a0005
0x00007ff84177350d (UnityPlayer) UnityMain
0x00007ff841778593 (UnityPlayer) UnityMain
0x00007ff8417623a5 (UnityPlayer) UnityMain
0x00007ff841d2ea2e (UnityPlayer) UnityMain
0x00007ff8416b99b4 (UnityPlayer) UnityMain
0x00007ff8416b9bd0 (UnityPlayer) UnityMain
0x00007ff8416ba5cb (UnityPlayer) UnityMain
0x00007ff841d5d88a (UnityPlayer) UnityMain
0x00007ff841d6760b (UnityPlayer) UnityMain
0x00007ff841d676d9 (UnityPlayer) UnityMain
0x00007ff8414c3db1 (UnityPlayer) 
0x00007ff8f6af26ad (KERNEL32) BaseThreadInitThunk
0x00007ff8f734aa68 (ntdll) RtlUserThreadStart

D3D11: Failed to create RenderTexture (208 x 186 fmt 27 aa 1), error 0x887a0005
0x00007ff84177350d (UnityPlayer) UnityMain
0x00007ff841778593 (UnityPlayer) UnityMain
0x00007ff8417623a5 (UnityPlayer) UnityMain
0x00007ff841d2ea2e (UnityPlayer) UnityMain
0x00007ff8416b99b4 (UnityPlayer) UnityMain
0x00007ff8416b9bd0 (UnityPlayer) UnityMain
0x00007ff8416b9f92 (UnityPlayer) UnityMain
0x00007ff8416b84c4 (UnityPlayer) UnityMain
0x00007ff841d5d88a (UnityPlayer) UnityMain
0x00007ff841d6760b (UnityPlayer) UnityMain
0x00007ff841d676d9 (UnityPlayer) UnityMain
0x00007ff8414c3db1 (UnityPlayer) 
0x00007ff8f6af26ad (KERNEL32) BaseThreadInitThunk
0x00007ff8f734aa68 (ntdll) RtlUserThreadStart

D3D11: Failed to create RenderTexture (104 x 93 fmt 27 aa 1), error 0x887a0005
0x00007ff84177350d (UnityPlayer) UnityMain
0x00007ff841778593 (UnityPlayer) UnityMain
0x00007ff8417623a5 (UnityPlayer) UnityMain
0x00007ff841d2ea2e (UnityPlayer) UnityMain
0x00007ff8416b99b4 (UnityPlayer) UnityMain
0x00007ff8416b9bd0 (UnityPlayer) UnityMain
0x00007ff8416b9f92 (UnityPlayer) UnityMain
0x00007ff8416b84c4 (UnityPlayer) UnityMain
0x00007ff841d5d88a (UnityPlayer) UnityMain
0x00007ff841d6760b (UnityPlayer) UnityMain
0x00007ff841d676d9 (UnityPlayer) UnityMain
0x00007ff8414c3db1 (UnityPlayer) 
0x00007ff8f6af26ad (KERNEL32) BaseThreadInitThunk
0x00007ff8f734aa68 (ntdll) RtlUserThreadStart

D3D11: Failed to create RenderTexture (208 x 186 fmt 27 aa 1), error 0x887a0005
0x00007ff84177350d (UnityPlayer) UnityMain
0x00007ff841778593 (UnityPlayer) UnityMain
0x00007ff8417623a5 (UnityPlayer) UnityMain
0x00007ff841d2ea2e (UnityPlayer) UnityMain
0x00007ff8416b99b4 (UnityPlayer) UnityMain
0x00007ff8416b9bd0 (UnityPlayer) UnityMain
0x00007ff8416b9f92 (UnityPlayer) UnityMain
0x00007ff8416b84c4 (UnityPlayer) UnityMain
0x00007ff841d5d88a (UnityPlayer) UnityMain
0x00007ff841d6760b (UnityPlayer) UnityMain
0x00007ff841d676d9 (UnityPlayer) UnityMain
0x00007ff8414c3db1 (UnityPlayer) 
0x00007ff8f6af26ad (KERNEL32) BaseThreadInitThunk
0x00007ff8f734aa68 (ntdll) RtlUserThreadStart

D3D11: Failed to create RenderTexture (208 x 186 fmt 27 aa 1), error 0x887a0005
0x00007ff84177350d (UnityPlayer) UnityMain
0x00007ff841778593 (UnityPlayer) UnityMain
0x00007ff8417623a5 (UnityPlayer) UnityMain
0x00007ff841d2ea2e (UnityPlayer) UnityMain
0x00007ff8416b99b4 (UnityPlayer) UnityMain
0x00007ff8416b9bd0 (UnityPlayer) UnityMain
0x00007ff8416b9f92 (UnityPlayer) UnityMain
0x00007ff8416b84c4 (UnityPlayer) UnityMain
0x00007ff841d5d88a (UnityPlayer) UnityMain
0x00007ff841d6760b (UnityPlayer) UnityMain
0x00007ff841d676d9 (UnityPlayer) UnityMain
0x00007ff8414c3db1 (UnityPlayer) 
0x00007ff8f6af26ad (KERNEL32) BaseThreadInitThunk
0x00007ff8f734aa68 (ntdll) RtlUserThreadStart

D3D11: Failed to create RenderTexture (208 x 186 fmt 27 aa 1), error 0x887a0005
0x00007ff84177350d (UnityPlayer) UnityMain
0x00007ff841778593 (UnityPlayer) UnityMain
0x00007ff8417623a5 (UnityPlayer) UnityMain
0x00007ff841d2ea2e (UnityPlayer) UnityMain
0x00007ff8416b99b4 (UnityPlayer) UnityMain
0x00007ff8416b9bd0 (UnityPlayer) UnityMain
0x00007ff8416b9f92 (UnityPlayer) UnityMain
0x00007ff8416b84c4 (UnityPlayer) UnityMain
0x00007ff841d5d88a (UnityPlayer) UnityMain
0x00007ff841d6760b (UnityPlayer) UnityMain
0x00007ff841d676d9 (UnityPlayer) UnityMain
0x00007ff8414c3db1 (UnityPlayer) 
0x00007ff8f6af26ad (KERNEL32) BaseThreadInitThunk
0x00007ff8f734aa68 (ntdll) RtlUserThreadStart

D3D11: Failed to create RenderTexture (208 x 186 fmt 27 aa 1), error 0x887a0005
0x00007ff84177350d (UnityPlayer) UnityMain
0x00007ff841778593 (UnityPlayer) UnityMain
0x00007ff8417623a5 (UnityPlayer) UnityMain
0x00007ff841d2ea2e (UnityPlayer) UnityMain
0x00007ff8416b99b4 (UnityPlayer) UnityMain
0x00007ff8416b9bd0 (UnityPlayer) UnityMain
0x00007ff8416b9f92 (UnityPlayer) UnityMain
0x00007ff8416b84c4 (UnityPlayer) UnityMain
0x00007ff841d5d88a (UnityPlayer) UnityMain
0x00007ff841d6760b (UnityPlayer) UnityMain
0x00007ff841d676d9 (UnityPlayer) UnityMain
0x00007ff8414c3db1 (UnityPlayer) 
0x00007ff8f6af26ad (KERNEL32) BaseThreadInitThunk
0x00007ff8f734aa68 (ntdll) RtlUserThreadStart

D3D11: Failed to create RenderTexture (208 x 186 fmt 19 aa 1), error 0x887a0005
0x00007ff84177350d (UnityPlayer) UnityMain
0x00007ff841778593 (UnityPlayer) UnityMain
0x00007ff8417623a5 (UnityPlayer) UnityMain
0x00007ff841d2ea2e (UnityPlayer) UnityMain
0x00007ff8416b99b4 (UnityPlayer) UnityMain
0x00007ff8416b9bd0 (UnityPlayer) UnityMain
0x00007ff8416ba5cb (UnityPlayer) UnityMain
0x00007ff841d5d88a (UnityPlayer) UnityMain
0x00007ff841d6760b (UnityPlayer) UnityMain
0x00007ff841d676d9 (UnityPlayer) UnityMain
0x00007ff8414c3db1 (UnityPlayer) 
0x00007ff8f6af26ad (KERNEL32) BaseThreadInitThunk
0x00007ff8f734aa68 (ntdll) RtlUserThreadStart

D3D11: Failed to create RenderTexture (64 x 64 fmt 27 aa 1), error 0x887a0005
0x00007ff84177350d (UnityPlayer) UnityMain
0x00007ff841778593 (UnityPlayer) UnityMain
0x00007ff8417623a5 (UnityPlayer) UnityMain
0x00007ff841d2ea2e (UnityPlayer) UnityMain
0x00007ff8416b99b4 (UnityPlayer) UnityMain
0x00007ff8416b9bd0 (UnityPlayer) UnityMain
0x00007ff8416b9f92 (UnityPlayer) UnityMain
0x00007ff8416b84c4 (UnityPlayer) UnityMain
0x00007ff841d5d88a (UnityPlayer) UnityMain
0x00007ff841d6760b (UnityPlayer) UnityMain
0x00007ff841d676d9 (UnityPlayer) UnityMain
0x00007ff8414c3db1 (UnityPlayer) 
0x00007ff8f6af26ad (KERNEL32) BaseThreadInitThunk
0x00007ff8f734aa68 (ntdll) RtlUserThreadStart

D3D11: Failed to create RenderTexture (64 x 64 fmt 27 aa 1), error 0x887a0005
0x00007ff84177350d (UnityPlayer) UnityMain
0x00007ff841778593 (UnityPlayer) UnityMain
0x00007ff8417623a5 (UnityPlayer) UnityMain
0x00007ff841d2ea2e (UnityPlayer) UnityMain
0x00007ff8416b99b4 (UnityPlayer) UnityMain
0x00007ff8416b9bd0 (UnityPlayer) UnityMain
0x00007ff8416b9f92 (UnityPlayer) UnityMain
0x00007ff8416b84c4 (UnityPlayer) UnityMain
0x00007ff841d5d88a (UnityPlayer) UnityMain
0x00007ff841d6760b (UnityPlayer) UnityMain
0x00007ff841d676d9 (UnityPlayer) UnityMain
0x00007ff8414c3db1 (UnityPlayer) 
0x00007ff8f6af26ad (KERNEL32) BaseThreadInitThunk
0x00007ff8f734aa68 (ntdll) RtlUserThreadStart

D3D11: Failed to create RenderTexture (64 x 64 fmt 19 aa 1), error 0x887a0005
0x00007ff84177350d (UnityPlayer) UnityMain
0x00007ff841778593 (UnityPlayer) UnityMain
0x00007ff8417623a5 (UnityPlayer) UnityMain
0x00007ff841d2ea2e (UnityPlayer) UnityMain
0x00007ff8416b99b4 (UnityPlayer) UnityMain
0x00007ff8416b9bd0 (UnityPlayer) UnityMain
0x00007ff8416ba5cb (UnityPlayer) UnityMain
0x00007ff841d5d88a (UnityPlayer) UnityMain
0x00007ff841d6760b (UnityPlayer) UnityMain
0x00007ff841d676d9 (UnityPlayer) UnityMain
0x00007ff8414c3db1 (UnityPlayer) 
0x00007ff8f6af26ad (KERNEL32) BaseThreadInitThunk
0x00007ff8f734aa68 (ntdll) RtlUserThreadStart

D3D11: Failed to create RenderTexture (64 x 64 fmt 19 aa 1), error 0x887a0005
0x00007ff84177350d (UnityPlayer) UnityMain
0x00007ff841778593 (UnityPlayer) UnityMain
0x00007ff8417623a5 (UnityPlayer) UnityMain
0x00007ff841d2ea2e (UnityPlayer) UnityMain
0x00007ff8416b99b4 (UnityPlayer) UnityMain
0x00007ff8416b9bd0 (UnityPlayer) UnityMain
0x00007ff8416ba5cb (UnityPlayer) UnityMain
0x00007ff841d5d88a (UnityPlayer) UnityMain
0x00007ff841d6760b (UnityPlayer) UnityMain
0x00007ff841d676d9 (UnityPlayer) UnityMain
0x00007ff8414c3db1 (UnityPlayer) 
0x00007ff8f6af26ad (KERNEL32) BaseThreadInitThunk
0x00007ff8f734aa68 (ntdll) RtlUserThreadStart

D3D11: Failed to create RenderTexture (64 x 64 fmt 27 aa 1), error 0x887a0005
0x00007ff84177350d (UnityPlayer) UnityMain
0x00007ff841778593 (UnityPlayer) UnityMain
0x00007ff8417623a5 (UnityPlayer) UnityMain
0x00007ff841d2ea2e (UnityPlayer) UnityMain
0x00007ff8416b99b4 (UnityPlayer) UnityMain
0x00007ff8416b9bd0 (UnityPlayer) UnityMain
0x00007ff8416b9f92 (UnityPlayer) UnityMain
0x00007ff8416b84c4 (UnityPlayer) UnityMain
0x00007ff841d5d88a (UnityPlayer) UnityMain
0x00007ff841d6760b (UnityPlayer) UnityMain
0x00007ff841d676d9 (UnityPlayer) UnityMain
0x00007ff8414c3db1 (UnityPlayer) 
0x00007ff8f6af26ad (KERNEL32) BaseThreadInitThunk
0x00007ff8f734aa68 (ntdll) RtlUserThreadStart

D3D11: Failed to create RenderTexture (32 x 32 fmt 27 aa 1), error 0x887a0005
0x00007ff84177350d (UnityPlayer) UnityMain
0x00007ff841778593 (UnityPlayer) UnityMain
0x00007ff8417623a5 (UnityPlayer) UnityMain
0x00007ff841d2ea2e (UnityPlayer) UnityMain
0x00007ff8416b99b4 (UnityPlayer) UnityMain
0x00007ff8416b9bd0 (UnityPlayer) UnityMain
0x00007ff8416b9f92 (UnityPlayer) UnityMain
0x00007ff8416b84c4 (UnityPlayer) UnityMain
0x00007ff841d5d88a (UnityPlayer) UnityMain
0x00007ff841d6760b (UnityPlayer) UnityMain
0x00007ff841d676d9 (UnityPlayer) UnityMain
0x00007ff8414c3db1 (UnityPlayer) 
0x00007ff8f6af26ad (KERNEL32) BaseThreadInitThunk
0x00007ff8f734aa68 (ntdll) RtlUserThreadStart

D3D11: Failed to create RenderTexture (64 x 64 fmt 27 aa 1), error 0x887a0005
0x00007ff84177350d (UnityPlayer) UnityMain
0x00007ff841778593 (UnityPlayer) UnityMain
0x00007ff8417623a5 (UnityPlayer) UnityMain
0x00007ff841d2ea2e (UnityPlayer) UnityMain
0x00007ff8416b99b4 (UnityPlayer) UnityMain
0x00007ff8416b9bd0 (UnityPlayer) UnityMain
0x00007ff8416b9f92 (UnityPlayer) UnityMain
0x00007ff8416b84c4 (UnityPlayer) UnityMain
0x00007ff841d5d88a (UnityPlayer) UnityMain
0x00007ff841d6760b (UnityPlayer) UnityMain
0x00007ff841d676d9 (UnityPlayer) UnityMain
0x00007ff8414c3db1 (UnityPlayer) 
0x00007ff8f6af26ad (KERNEL32) BaseThreadInitThunk
0x00007ff8f734aa68 (ntdll) RtlUserThreadStart

D3D11: Failed to create RenderTexture (64 x 64 fmt 27 aa 1), error 0x887a0005
0x00007ff84177350d (UnityPlayer) UnityMain
0x00007ff841778593 (UnityPlayer) UnityMain
0x00007ff8417623a5 (UnityPlayer) UnityMain
0x00007ff841d2ea2e (UnityPlayer) UnityMain
0x00007ff8416b99b4 (UnityPlayer) UnityMain
0x00007ff8416b9bd0 (UnityPlayer) UnityMain
0x00007ff8416b9f92 (UnityPlayer) UnityMain
0x00007ff8416b84c4 (UnityPlayer) UnityMain
0x00007ff841d5d88a (UnityPlayer) UnityMain
0x00007ff841d6760b (UnityPlayer) UnityMain
0x00007ff841d676d9 (UnityPlayer) UnityMain
0x00007ff8414c3db1 (UnityPlayer) 
0x00007ff8f6af26ad (KERNEL32) BaseThreadInitThunk
0x00007ff8f734aa68 (ntdll) RtlUserThreadStart

D3D11: Failed to create RenderTexture (64 x 64 fmt 27 aa 1), error 0x887a0005
0x00007ff84177350d (UnityPlayer) UnityMain
0x00007ff841778593 (UnityPlayer) UnityMain
0x00007ff8417623a5 (UnityPlayer) UnityMain
0x00007ff841d2ea2e (UnityPlayer) UnityMain
0x00007ff8416b99b4 (UnityPlayer) UnityMain
0x00007ff8416b9bd0 (UnityPlayer) UnityMain
0x00007ff8416b9f92 (UnityPlayer) UnityMain
0x00007ff8416b84c4 (UnityPlayer) UnityMain
0x00007ff841d5d88a (UnityPlayer) UnityMain
0x00007ff841d6760b (UnityPlayer) UnityMain
0x00007ff841d676d9 (UnityPlayer) UnityMain
0x00007ff8414c3db1 (UnityPlayer) 
0x00007ff8f6af26ad (KERNEL32) BaseThreadInitThunk
0x00007ff8f734aa68 (ntdll) RtlUserThreadStart

D3D11: Failed to create RenderTexture (64 x 64 fmt 27 aa 1), error 0x887a0005
0x00007ff84177350d (UnityPlayer) UnityMain
0x00007ff841778593 (UnityPlayer) UnityMain
0x00007ff8417623a5 (UnityPlayer) UnityMain
0x00007ff841d2ea2e (UnityPlayer) UnityMain
0x00007ff8416b99b4 (UnityPlayer) UnityMain
0x00007ff8416b9bd0 (UnityPlayer) UnityMain
0x00007ff8416b9f92 (UnityPlayer) UnityMain
0x00007ff8416b84c4 (UnityPlayer) UnityMain
0x00007ff841d5d88a (UnityPlayer) UnityMain
0x00007ff841d6760b (UnityPlayer) UnityMain
0x00007ff841d676d9 (UnityPlayer) UnityMain
0x00007ff8414c3db1 (UnityPlayer) 
0x00007ff8f6af26ad (KERNEL32) BaseThreadInitThunk
0x00007ff8f734aa68 (ntdll) RtlUserThreadStart

D3D11: Failed to create RenderTexture (64 x 64 fmt 19 aa 1), error 0x887a0005
0x00007ff84177350d (UnityPlayer) UnityMain
0x00007ff841778593 (UnityPlayer) UnityMain
0x00007ff8417623a5 (UnityPlayer) UnityMain
0x00007ff841d2ea2e (UnityPlayer) UnityMain
0x00007ff8416b99b4 (UnityPlayer) UnityMain
0x00007ff8416b9bd0 (UnityPlayer) UnityMain
0x00007ff8416ba5cb (UnityPlayer) UnityMain
0x00007ff841d5d88a (UnityPlayer) UnityMain
0x00007ff841d6760b (UnityPlayer) UnityMain
0x00007ff841d676d9 (UnityPlayer) UnityMain
0x00007ff8414c3db1 (UnityPlayer) 
0x00007ff8f6af26ad (KERNEL32) BaseThreadInitThunk
0x00007ff8f734aa68 (ntdll) RtlUserThreadStart

D3D11: Failed to create RenderTexture (208 x 186 fmt 27 aa 1), error 0x887a0005
0x00007ff84177350d (UnityPlayer) UnityMain
0x00007ff841778593 (UnityPlayer) UnityMain
0x00007ff8417623a5 (UnityPlayer) UnityMain
0x00007ff841d2ea2e (UnityPlayer) UnityMain
0x00007ff8416b99b4 (UnityPlayer) UnityMain
0x00007ff8416b9bd0 (UnityPlayer) UnityMain
0x00007ff8416b9f92 (UnityPlayer) UnityMain
0x00007ff8416b84c4 (UnityPlayer) UnityMain
0x00007ff841d5d88a (UnityPlayer) UnityMain
0x00007ff841d6760b (UnityPlayer) UnityMain
0x00007ff841d676d9 (UnityPlayer) UnityMain
0x00007ff8414c3db1 (UnityPlayer) 
0x00007ff8f6af26ad (KERNEL32) BaseThreadInitThunk
0x00007ff8f734aa68 (ntdll) RtlUserThreadStart

D3D11: Failed to create RenderTexture (208 x 186 fmt 27 aa 1), error 0x887a0005
0x00007ff84177350d (UnityPlayer) UnityMain
0x00007ff841778593 (UnityPlayer) UnityMain
0x00007ff8417623a5 (UnityPlayer) UnityMain
0x00007ff841d2ea2e (UnityPlayer) UnityMain
0x00007ff8416b99b4 (UnityPlayer) UnityMain
0x00007ff8416b9bd0 (UnityPlayer) UnityMain
0x00007ff8416b9f92 (UnityPlayer) UnityMain
0x00007ff8416b84c4 (UnityPlayer) UnityMain
0x00007ff841d5d88a (UnityPlayer) UnityMain
0x00007ff841d6760b (UnityPlayer) UnityMain
0x00007ff841d676d9 (UnityPlayer) UnityMain
0x00007ff8414c3db1 (UnityPlayer) 
0x00007ff8f6af26ad (KERNEL32) BaseThreadInitThunk
0x00007ff8f734aa68 (ntdll) RtlUserThreadStart

D3D11: Failed to create RenderTexture (208 x 186 fmt 19 aa 2), error 0x887a0005
0x00007ff84177350d (UnityPlayer) UnityMain
0x00007ff841778593 (UnityPlayer) UnityMain
0x00007ff8417623a5 (UnityPlayer) UnityMain
0x00007ff841d2ea2e (UnityPlayer) UnityMain
0x00007ff8416b99b4 (UnityPlayer) UnityMain
0x00007ff8416b9bd0 (UnityPlayer) UnityMain
0x00007ff8416ba5cb (UnityPlayer) UnityMain
0x00007ff841d5d88a (UnityPlayer) UnityMain
0x00007ff841d6760b (UnityPlayer) UnityMain
0x00007ff841d676d9 (UnityPlayer) UnityMain
0x00007ff8414c3db1 (UnityPlayer) 
0x00007ff8f6af26ad (KERNEL32) BaseThreadInitThunk
0x00007ff8f734aa68 (ntdll) RtlUserThreadStart

D3D11: Failed to create RenderTexture (208 x 186 fmt 19 aa 1), error 0x887a0005
0x00007ff84177350d (UnityPlayer) UnityMain
0x00007ff841778593 (UnityPlayer) UnityMain
0x00007ff8417623a5 (UnityPlayer) UnityMain
0x00007ff841d2ea2e (UnityPlayer) UnityMain
0x00007ff8416b99b4 (UnityPlayer) UnityMain
0x00007ff8416b9bd0 (UnityPlayer) UnityMain
0x00007ff8416ba5cb (UnityPlayer) UnityMain
0x00007ff841d5d88a (UnityPlayer) UnityMain
0x00007ff841d6760b (UnityPlayer) UnityMain
0x00007ff841d676d9 (UnityPlayer) UnityMain
0x00007ff8414c3db1 (UnityPlayer) 
0x00007ff8f6af26ad (KERNEL32) BaseThreadInitThunk
0x00007ff8f734aa68 (ntdll) RtlUserThreadStart

D3D11: Failed to create RenderTexture (208 x 186 fmt 27 aa 1), error 0x887a0005
0x00007ff84177350d (UnityPlayer) UnityMain
0x00007ff841778593 (UnityPlayer) UnityMain
0x00007ff8417623a5 (UnityPlayer) UnityMain
0x00007ff841d2ea2e (UnityPlayer) UnityMain
0x00007ff8416b99b4 (UnityPlayer) UnityMain
0x00007ff8416b9bd0 (UnityPlayer) UnityMain
0x00007ff8416b9f92 (UnityPlayer) UnityMain
0x00007ff8416b84c4 (UnityPlayer) UnityMain
0x00007ff841d5d88a (UnityPlayer) UnityMain
0x00007ff841d6760b (UnityPlayer) UnityMain
0x00007ff841d676d9 (UnityPlayer) UnityMain
0x00007ff8414c3db1 (UnityPlayer) 
0x00007ff8f6af26ad (KERNEL32) BaseThreadInitThunk
0x00007ff8f734aa68 (ntdll) RtlUserThreadStart

D3D11: Failed to create RenderTexture (104 x 93 fmt 27 aa 1), error 0x887a0005
0x00007ff84177350d (UnityPlayer) UnityMain
0x00007ff841778593 (UnityPlayer) UnityMain
0x00007ff8417623a5 (UnityPlayer) UnityMain
0x00007ff841d2ea2e (UnityPlayer) UnityMain
0x00007ff8416b99b4 (UnityPlayer) UnityMain
0x00007ff8416b9bd0 (UnityPlayer) UnityMain
0x00007ff8416b9f92 (UnityPlayer) UnityMain
0x00007ff8416b84c4 (UnityPlayer) UnityMain
0x00007ff841d5d88a (UnityPlayer) UnityMain
0x00007ff841d6760b (UnityPlayer) UnityMain
0x00007ff841d676d9 (UnityPlayer) UnityMain
0x00007ff8414c3db1 (UnityPlayer) 
0x00007ff8f6af26ad (KERNEL32) BaseThreadInitThunk
0x00007ff8f734aa68 (ntdll) RtlUserThreadStart

D3D11: Failed to create RenderTexture (208 x 186 fmt 27 aa 1), error 0x887a0005
0x00007ff84177350d (UnityPlayer) UnityMain
0x00007ff841778593 (UnityPlayer) UnityMain
0x00007ff8417623a5 (UnityPlayer) UnityMain
0x00007ff841d2ea2e (UnityPlayer) UnityMain
0x00007ff8416b99b4 (UnityPlayer) UnityMain
0x00007ff8416b9bd0 (UnityPlayer) UnityMain
0x00007ff8416b9f92 (UnityPlayer) UnityMain
0x00007ff8416b84c4 (UnityPlayer) UnityMain
0x00007ff841d5d88a (UnityPlayer) UnityMain
0x00007ff841d6760b (UnityPlayer) UnityMain
0x00007ff841d676d9 (UnityPlayer) UnityMain
0x00007ff8414c3db1 (UnityPlayer) 
0x00007ff8f6af26ad (KERNEL32) BaseThreadInitThunk
0x00007ff8f734aa68 (ntdll) RtlUserThreadStart

D3D11: Failed to create RenderTexture (208 x 186 fmt 27 aa 1), error 0x887a0005
0x00007ff84177350d (UnityPlayer) UnityMain
0x00007ff841778593 (UnityPlayer) UnityMain
0x00007ff8417623a5 (UnityPlayer) UnityMain
0x00007ff841d2ea2e (UnityPlayer) UnityMain
0x00007ff8416b99b4 (UnityPlayer) UnityMain
0x00007ff8416b9bd0 (UnityPlayer) UnityMain
0x00007ff8416b9f92 (UnityPlayer) UnityMain
0x00007ff8416b84c4 (UnityPlayer) UnityMain
0x00007ff841d5d88a (UnityPlayer) UnityMain
0x00007ff841d6760b (UnityPlayer) UnityMain
0x00007ff841d676d9 (UnityPlayer) UnityMain
0x00007ff8414c3db1 (UnityPlayer) 
0x00007ff8f6af26ad (KERNEL32) BaseThreadInitThunk
0x00007ff8f734aa68 (ntdll) RtlUserThreadStart

D3D11: Failed to create RenderTexture (208 x 186 fmt 27 aa 1), error 0x887a0005
0x00007ff84177350d (UnityPlayer) UnityMain
0x00007ff841778593 (UnityPlayer) UnityMain
0x00007ff8417623a5 (UnityPlayer) UnityMain
0x00007ff841d2ea2e (UnityPlayer) UnityMain
0x00007ff8416b99b4 (UnityPlayer) UnityMain
0x00007ff8416b9bd0 (UnityPlayer) UnityMain
0x00007ff8416b9f92 (UnityPlayer) UnityMain
0x00007ff8416b84c4 (UnityPlayer) UnityMain
0x00007ff841d5d88a (UnityPlayer) UnityMain
0x00007ff841d6760b (UnityPlayer) UnityMain
0x00007ff841d676d9 (UnityPlayer) UnityMain
0x00007ff8414c3db1 (UnityPlayer) 
0x00007ff8f6af26ad (KERNEL32) BaseThreadInitThunk
0x00007ff8f734aa68 (ntdll) RtlUserThreadStart

D3D11: Failed to create RenderTexture (208 x 186 fmt 27 aa 1), error 0x887a0005
0x00007ff84177350d (UnityPlayer) UnityMain
0x00007ff841778593 (UnityPlayer) UnityMain
0x00007ff8417623a5 (UnityPlayer) UnityMain
0x00007ff841d2ea2e (UnityPlayer) UnityMain
0x00007ff8416b99b4 (UnityPlayer) UnityMain
0x00007ff8416b9bd0 (UnityPlayer) UnityMain
0x00007ff8416b9f92 (UnityPlayer) UnityMain
0x00007ff8416b84c4 (UnityPlayer) UnityMain
0x00007ff841d5d88a (UnityPlayer) UnityMain
0x00007ff841d6760b (UnityPlayer) UnityMain
0x00007ff841d676d9 (UnityPlayer) UnityMain
0x00007ff8414c3db1 (UnityPlayer) 
0x00007ff8f6af26ad (KERNEL32) BaseThreadInitThunk
0x00007ff8f734aa68 (ntdll) RtlUserThreadStart

D3D11: Failed to create RenderTexture (208 x 186 fmt 19 aa 1), error 0x887a0005
0x00007ff84177350d (UnityPlayer) UnityMain
0x00007ff841778593 (UnityPlayer) UnityMain
0x00007ff8417623a5 (UnityPlayer) UnityMain
0x00007ff841d2ea2e (UnityPlayer) UnityMain
0x00007ff8416b99b4 (UnityPlayer) UnityMain
0x00007ff8416b9bd0 (UnityPlayer) UnityMain
0x00007ff8416ba5cb (UnityPlayer) UnityMain
0x00007ff841d5d88a (UnityPlayer) UnityMain
0x00007ff841d6760b (UnityPlayer) UnityMain
0x00007ff841d676d9 (UnityPlayer) UnityMain
0x00007ff8414c3db1 (UnityPlayer) 
0x00007ff8f6af26ad (KERNEL32) BaseThreadInitThunk
0x00007ff8f734aa68 (ntdll) RtlUserThreadStart

